<?xml version="1.0" encoding="UTF-8"?>
<!-- Generated by org.testng.reporters.JUnitReportReporter -->
<testsuite hostname="CL-NB-353" name="belcorp.test.RegistroLogin.CPA_04_Login_facebook_usuario_no_belcorp" tests="1" failures="0" timestamp="12 Oct 2017 18:48:45 GMT" time="24.498" errors="1">
  <testcase name="Login_usuario_facebook" time="24.498" classname="belcorp.test.RegistroLogin.CPA_04_Login_facebook_usuario_no_belcorp">
    <error type="java.lang.StringIndexOutOfBoundsException" message="String index out of range: 2">
      <![CDATA[java.lang.StringIndexOutOfBoundsException: String index out of range: 2
	at java.lang.String.substring(Unknown Source)
	at belcorp.utils.LogResult.sustitucionResumen(LogResult.java:660)
	at belcorp.utils.LogResult.copiarCssImagenes(LogResult.java:475)
	at belcorp.utils.LogResult.crearLog(LogResult.java:1780)
	at belcorp.test.RegistroLogin.CPA_04_Login_facebook_usuario_no_belcorp.Login_usuario_facebook(CPA_04_Login_facebook_usuario_no_belcorp.java:67)
	at sun.reflect.NativeMethodAccessorImpl.invoke0(Native Method)
	at sun.reflect.NativeMethodAccessorImpl.invoke(Unknown Source)
	at sun.reflect.DelegatingMethodAccessorImpl.invoke(Unknown Source)
	at java.lang.reflect.Method.invoke(Unknown Source)
	at org.testng.internal.MethodInvocationHelper.invokeMethod(MethodInvocationHelper.java:86)
	at org.testng.internal.Invoker.invokeMethod(Invoker.java:643)
	at org.testng.internal.Invoker.invokeTestMethod(Invoker.java:820)
	at org.testng.internal.Invoker.invokeTestMethods(Invoker.java:1128)
	at org.testng.internal.TestMethodWorker.invokeTestMethods(TestMethodWorker.java:129)
	at org.testng.internal.TestMethodWorker.run(TestMethodWorker.java:112)
	at org.testng.TestRunner.privateRun(TestRunner.java:782)
	at org.testng.TestRunner.run(TestRunner.java:632)
	at org.testng.SuiteRunner.runTest(SuiteRunner.java:366)
	at org.testng.SuiteRunner.runSequentially(SuiteRunner.java:361)
	at org.testng.SuiteRunner.privateRun(SuiteRunner.java:319)
	at org.testng.SuiteRunner.run(SuiteRunner.java:268)
	at org.testng.SuiteRunnerWorker.runSuite(SuiteRunnerWorker.java:52)
	at org.testng.SuiteRunnerWorker.run(SuiteRunnerWorker.java:86)
	at org.testng.TestNG.runSuitesSequentially(TestNG.java:1244)
	at org.testng.TestNG.runSuitesLocally(TestNG.java:1169)
	at org.testng.TestNG.run(TestNG.java:1064)
	at org.testng.remote.AbstractRemoteTestNG.run(AbstractRemoteTestNG.java:114)
	at org.testng.remote.RemoteTestNG.initAndRun(RemoteTestNG.java:251)
	at org.testng.remote.RemoteTestNG.main(RemoteTestNG.java:77)
]]>
    </error>
  </testcase> <!-- Login_usuario_facebook -->
</testsuite> <!-- belcorp.test.RegistroLogin.CPA_04_Login_facebook_usuario_no_belcorp -->
